[14:34:52] [INIT] KubeJS 2001.6.4-build.120; MC 2001 forge
[14:34:52] [INIT] Loaded plugins:
[14:34:52] [INIT] - dev.latvian.mods.kubejs.forge.BuiltinKubeJSForgePlugin
[14:34:52] [INIT] - dev.latvian.mods.kubejs.forge.BuiltinKubeJSForgeClientPlugin
[14:34:52] [INIT] - com.almostreliable.morejs.Plugin
[14:34:52] [INIT] - com.lowdragmc.lowdraglib.kjs.LDLibKubeJSPlugin
[14:34:52] [INIT] - com.probejs.ProbeJSPlugin
[14:34:52] [INIT] - com.blakebr0.cucumber.compat.kubejs.CucumberKubeJSPlugin
[14:34:52] [INIT] - com.gregtechceu.gtceu.integration.kjs.GregTechKubeJSPlugin
[14:34:52] [INFO] example.js#5: Hello, World! (Loaded client scripts)
[14:34:52] [INFO] Loaded script client_scripts:example.js in 0.002 s
[14:34:52] [INFO] kubejs/client_scripts/example.js#5: Hello, World! (Loaded client scripts)
[14:34:52] [INFO] Loaded script client_scripts:kubejs/client_scripts/example.js in 0.0 s
[14:34:52] [INFO] Loaded script client_scripts:kubejs/client_scripts/jei items.js in 0.012 s
[14:34:52] [INFO] Loaded script client_scripts:kubejs/client_scripts/tooltips.js in 0.0 s
[14:34:52] [ERROR] ! kubejs/startup_scripts/RemovingMekaOre.js#1: Tried to register event handler 'MoreJSEvents.registerPotionBrewing' for invalid script type CLIENT! Valid script types: [STARTUP]
[14:34:52] [ERROR] ! kubejs/startup_scripts/RemovingMekaOre.js#4: Tried to register event handler 'WorldgenEvents.remove' for invalid script type CLIENT! Valid script types: [STARTUP]
[14:34:52] [INFO] Loaded script client_scripts:kubejs/startup_scripts/RemovingMekaOre.js in 0.002 s
[14:34:52] [INFO] Loaded 5/5 KubeJS client scripts in 0.079 s with 0 errors and 0 warnings
[14:35:07] [INFO] Client resource reload complete!
